\BOOKMARK [0][-]{chapter.1}{Quantum key distribution}{}% 1
\BOOKMARK [1][-]{section.1.1}{Introduction}{chapter.1}% 2
\BOOKMARK [1][-]{section.1.2}{The theory behind QKD}{chapter.1}% 3
\BOOKMARK [2][-]{subsection.1.2.1}{Qubit}{section.1.2}% 4
\BOOKMARK [2][-]{subsection.1.2.2}{Photons}{section.1.2}% 5
\BOOKMARK [2][-]{subsection.1.2.3}{BB84}{section.1.2}% 6
\BOOKMARK [2][-]{subsection.1.2.4}{Fiber}{section.1.2}% 7
\BOOKMARK [2][-]{subsection.1.2.5}{Satellite}{section.1.2}% 8
\BOOKMARK [1][-]{section.1.3}{The requirements of QKD}{chapter.1}% 9
\BOOKMARK [0][-]{chapter.2}{Pointing Acquisition Tracking system}{}% 10
\BOOKMARK [1][-]{section.2.1}{Introduction}{chapter.2}% 11
\BOOKMARK [1][-]{section.2.2}{Coarse}{chapter.2}% 12
\BOOKMARK [2][-]{subsection.2.2.1}{Logical design}{section.2.2}% 13
\BOOKMARK [2][-]{subsection.2.2.2}{Physical implementation}{section.2.2}% 14
\BOOKMARK [1][-]{section.2.3}{Fine}{chapter.2}% 15
\BOOKMARK [2][-]{subsection.2.3.1}{Logical design}{section.2.3}% 16
\BOOKMARK [2][-]{subsection.2.3.2}{Physical implementation}{section.2.3}% 17
\BOOKMARK [0][-]{chapter.3}{QKD software design}{}% 18
\BOOKMARK [1][-]{section.3.1}{Memorization, standardization and expansion of the QKD software}{chapter.3}% 19
\BOOKMARK [1][-]{section.3.2}{Boilerplate documentation}{chapter.3}% 20
\BOOKMARK [2][-]{subsection.3.2.1}{Setup your environment}{section.3.2}% 21
\BOOKMARK [2][-]{subsection.3.2.2}{How to add source files .cpp or .h}{section.3.2}% 22
\BOOKMARK [2][-]{subsection.3.2.3}{Include other projects inside https://gitlab.dei.unipd.it/}{section.3.2}% 23
\BOOKMARK [2][-]{subsection.3.2.4}{Include third part libs .dll or .h}{section.3.2}% 24
\BOOKMARK [2][-]{subsection.3.2.5}{Structure description of the project}{section.3.2}% 25
\BOOKMARK [2][-]{subsection.3.2.6}{Setup git credential in windows}{section.3.2}% 26
\BOOKMARK [0][-]{chapter.4}{PAT software design}{}% 27
\BOOKMARK [1][-]{section.4.1}{The development of the PAT software}{chapter.4}% 28
\BOOKMARK [1][-]{section.4.2}{PAT Docs}{chapter.4}% 29
\BOOKMARK [2][-]{subsection.4.2.1}{Introduction}{section.4.2}% 30
\BOOKMARK [2][-]{subsection.4.2.2}{GUI}{section.4.2}% 31
\BOOKMARK [2][-]{subsection.4.2.3}{Classes UML}{section.4.2}% 32
